2025-10-14 23:52:36 [INF] Now listening on: http://localhost:5101
2025-10-14 23:52:37 [INF] Application started. Press Ctrl+C to shut down.
2025-10-14 23:52:37 [INF] Hosting environment: Development
2025-10-14 23:52:37 [INF] Content root path: D:\net8-web\MicroservicesSolution\src\ApiPedidos
2025-10-14 23:52:45 [INF] Request starting HTTP/1.1 GET http://localhost:5101/ - null null
2025-10-14 23:52:45 [INF] Executing endpoint 'HTTP: GET /'
2025-10-14 23:52:45 [INF] Setting HTTP status code 200.
2025-10-14 23:52:45 [INF] Writing value of type '<>f__AnonymousType3`3' as Json.
2025-10-14 23:52:45 [INF] Executed endpoint 'HTTP: GET /'
2025-10-14 23:52:45 [INF] Request finished HTTP/1.1 GET http://localhost:5101/ - 200 null application/json; charset=utf-8 233.4674ms
2025-10-14 23:52:45 [INF] Request starting HTTP/1.1 GET http://localhost:5101/favicon.ico - null null
2025-10-14 23:52:45 [INF] Request finished HTTP/1.1 GET http://localhost:5101/favicon.ico - 404 0 null 10.7565ms
2025-10-14 23:52:45 [INF] Request reached the end of the middleware pipeline without being handled by application code. Request path: GET http://localhost:5101/favicon.ico, Response status code: 404
2025-10-14 23:52:57 [INF] Request starting HTTP/1.1 GET http://localhost:5101/swagger - null null
2025-10-14 23:52:58 [INF] Request finished HTTP/1.1 GET http://localhost:5101/swagger - 301 0 null 216.3967ms
2025-10-14 23:52:58 [INF] Request starting HTTP/1.1 GET http://localhost:5101/swagger/index.html - null null
2025-10-14 23:52:58 [INF] Request finished HTTP/1.1 GET http://localhost:5101/swagger/index.html - 200 null text/html;charset=utf-8 97.8928ms
2025-10-14 23:52:58 [INF] Request starting HTTP/1.1 GET http://localhost:5101/swagger/swagger-ui.css - null null
2025-10-14 23:52:58 [INF] Request starting HTTP/1.1 GET http://localhost:5101/swagger/index.css - null null
2025-10-14 23:52:58 [INF] Request starting HTTP/1.1 GET http://localhost:5101/swagger/swagger-ui-bundle.js - null null
2025-10-14 23:52:58 [INF] Request starting HTTP/1.1 GET http://localhost:5101/swagger/swagger-ui-standalone-preset.js - null null
2025-10-14 23:52:58 [INF] Request starting HTTP/1.1 GET http://localhost:5101/swagger/index.js - null null
2025-10-14 23:52:58 [INF] Sending file. Request path: '/index.css'. Physical path: 'N/A'
2025-10-14 23:52:58 [INF] Sending file. Request path: '/swagger-ui-bundle.js'. Physical path: 'N/A'
2025-10-14 23:52:58 [INF] Sending file. Request path: '/swagger-ui.css'. Physical path: 'N/A'
2025-10-14 23:52:58 [INF] Sending file. Request path: '/swagger-ui-standalone-preset.js'. Physical path: 'N/A'
2025-10-14 23:52:58 [INF] Request finished HTTP/1.1 GET http://localhost:5101/swagger/index.js - 200 null application/javascript;charset=utf-8 84.4112ms
2025-10-14 23:52:58 [INF] Request finished HTTP/1.1 GET http://localhost:5101/swagger/index.css - 200 202 text/css 89.8549ms
2025-10-14 23:52:58 [INF] Request finished HTTP/1.1 GET http://localhost:5101/swagger/swagger-ui-bundle.js - 200 1484234 text/javascript 95.0214ms
2025-10-14 23:52:58 [INF] Request finished HTTP/1.1 GET http://localhost:5101/swagger/swagger-ui.css - 200 154949 text/css 106.0099ms
2025-10-14 23:52:58 [INF] Request finished HTTP/1.1 GET http://localhost:5101/swagger/swagger-ui-standalone-preset.js - 200 229223 text/javascript 96.5551ms
2025-10-14 23:52:58 [INF] Request starting HTTP/1.1 GET http://localhost:5101/swagger/v1/swagger.json - null null
2025-10-14 23:52:58 [INF] No action descriptors found. This may indicate an incorrectly configured application or missing application parts. To learn more, visit https://aka.ms/aspnet/mvc/app-parts
2025-10-14 23:52:58 [INF] Request starting HTTP/1.1 GET http://localhost:5101/swagger/favicon-32x32.png - null null
2025-10-14 23:52:58 [INF] Sending file. Request path: '/favicon-32x32.png'. Physical path: 'N/A'
2025-10-14 23:52:58 [INF] Request finished HTTP/1.1 GET http://localhost:5101/swagger/favicon-32x32.png - 200 628 image/png 7.4286ms
2025-10-14 23:52:58 [INF] Request finished HTTP/1.1 GET http://localhost:5101/swagger/v1/swagger.json - 200 null application/json;charset=utf-8 201.1801ms
2025-10-14 23:53:09 [INF] Request starting HTTP/1.1 GET http://localhost:5101/pedidos - null null
2025-10-14 23:53:09 [INF] Executing endpoint 'HTTP: GET /pedidos'
2025-10-14 23:53:29 [INF] Setting HTTP status code 200.
2025-10-14 23:53:29 [INF] Writing value of type '<>f__AnonymousType12`4' as Json.
2025-10-14 23:53:29 [INF] Executed endpoint 'HTTP: GET /pedidos'
2025-10-14 23:53:29 [INF] Request finished HTTP/1.1 GET http://localhost:5101/pedidos - 200 null application/json; charset=utf-8 19813.9375ms
